<?xml version="1.0" encoding="UTF-8"?>
<!-- Generated by org.testng.reporters.JUnitReportReporter -->
<testsuite hostname="Deepika" failures="0" tests="2" name="test.sourcing.Instahyre" time="279.928" errors="0" timestamp="2024-08-11T15:14:27 IST" skipped="0">
  <testcase classname="test.sourcing.Instahyre" name="login" time="14.931"/>
  <testcase classname="test.sourcing.Instahyre" name="processOpportunities" time="264.997"/>
</testsuite> <!-- test.sourcing.Instahyre -->
