<?xml version="1.0" encoding="UTF-8"?>
<!-- Generated by org.testng.reporters.JUnitReportReporter -->
<testsuite hostname="Deepika" failures="0" tests="3" name="test.sourcing.ExtractInformation" time="212.884" errors="0" timestamp="2024-08-11T00:24:00 IST" skipped="0">
  <testcase classname="test.sourcing.ExtractInformation" name="login" time="109.742"/>
  <testcase classname="test.sourcing.ExtractInformation" name="selectFilter" time="24.304"/>
  <testcase classname="test.sourcing.ExtractInformation" name="extractList" time="78.838"/>
</testsuite> <!-- test.sourcing.ExtractInformation -->
