<?xml version="1.0" encoding="UTF-8"?>
<!-- Generated by org.testng.reporters.JUnitReportReporter -->
<testsuite hostname="Deepika" failures="0" tests="1" name="testl.inkedIn.Naukri" time="102.089" errors="0" timestamp="2024-08-10T19:38:55 IST" skipped="0">
  <testcase classname="testl.inkedIn.Naukri" name="naukriLoginAndUpdateResumeHeadline" time="102.089"/>
</testsuite> <!-- testl.inkedIn.Naukri -->
