<?xml version="1.0" encoding="UTF-8"?>
<!-- Generated by org.testng.reporters.JUnitReportReporter -->
<testsuite hostname="DESKTOP-AMC897U" failures="0" tests="3" name="testl.inkedIn.ExtractInformation" time="254.802" errors="0" timestamp="2024-08-05T20:56:08 IST" skipped="0">
  <testcase classname="testl.inkedIn.ExtractInformation" name="login" time="0.038"/>
  <testcase classname="testl.inkedIn.ExtractInformation" name="selectFilter" time="76.385"/>
  <testcase classname="testl.inkedIn.ExtractInformation" name="extractList" time="178.379"/>
</testsuite> <!-- testl.inkedIn.ExtractInformation -->
