<?xml version="1.0" encoding="UTF-8"?>
<!-- Generated by org.testng.reporters.JUnitReportReporter -->
<testsuite hostname="Deepika" failures="0" tests="3" name="testl.inkedIn.ExtractInformation" time="449.395" errors="0" timestamp="2024-08-03T15:17:36 IST" skipped="0">
  <testcase classname="testl.inkedIn.ExtractInformation" name="login" time="3.028"/>
  <testcase classname="testl.inkedIn.ExtractInformation" name="selectFilter" time="83.823"/>
  <testcase classname="testl.inkedIn.ExtractInformation" name="ExtractList" time="362.544"/>
</testsuite> <!-- testl.inkedIn.ExtractInformation -->
