<?xml version="1.0" encoding="UTF-8"?>
<!-- Generated by org.testng.reporters.JUnitReportReporter -->
<testsuite hostname="Deepika" failures="0" tests="1" name="test.sourcing.Naukri" time="70.540" errors="0" timestamp="2024-08-11T15:14:27 IST" skipped="0">
  <testcase classname="test.sourcing.Naukri" name="naukriLoginAndUpdateResumeHeadline" time="70.540"/>
</testsuite> <!-- test.sourcing.Naukri -->
