<?xml version="1.0" encoding="UTF-8"?>
<!-- Generated by org.testng.reporters.JUnitReportReporter -->
<testsuite hostname="DESKTOP-AMC897U" failures="0" tests="2" name="testl.inkedIn.Instahyre" time="54.552" errors="0" timestamp="2024-08-10T20:20:39 IST" skipped="0">
  <testcase classname="testl.inkedIn.Instahyre" name="login" time="7.969"/>
  <testcase classname="testl.inkedIn.Instahyre" name="processOpportunities" time="46.583"/>
</testsuite> <!-- testl.inkedIn.Instahyre -->
