<?xml version="1.0" encoding="UTF-8"?>
<!-- Generated by org.testng.reporters.JUnitReportReporter -->
<testsuite hostname="Deepika" failures="0" tests="2" name="testl.inkedIn.Instahyre" time="162.050" errors="0" timestamp="2024-08-10T23:13:34 IST" skipped="0">
  <testcase classname="testl.inkedIn.Instahyre" name="login" time="6.586"/>
  <testcase classname="testl.inkedIn.Instahyre" name="processOpportunities" time="155.464"/>
</testsuite> <!-- testl.inkedIn.Instahyre -->
