<?xml version="1.0" encoding="UTF-8"?>
<!-- Generated by org.testng.reporters.JUnitReportReporter -->
<testsuite hostname="Deepika" failures="0" tests="3" name="test.sourcing.Linked" time="241.914" errors="0" timestamp="2024-08-11T15:14:27 IST" skipped="0">
  <testcase classname="test.sourcing.Linked" name="login" time="75.215"/>
  <testcase classname="test.sourcing.Linked" name="selectFilter" time="40.029"/>
  <testcase classname="test.sourcing.Linked" name="extractList" time="126.670"/>
</testsuite> <!-- test.sourcing.Linked -->
