<?xml version="1.0" encoding="UTF-8"?>
<!-- Generated by org.testng.reporters.JUnitReportReporter -->
<testsuite hostname="DESKTOP-AMC897U" failures="0" tests="1" name="testl.inkedIn.Appbase" time="8.869" errors="0" timestamp="2024-08-02T11:38:00 IST" skipped="0">
  <testcase classname="testl.inkedIn.Appbase" name="setup" time="8.869"/>
</testsuite> <!-- testl.inkedIn.Appbase -->
